<?xml version="1.0" encoding="UTF-8"?>
<testng-results ignored="0" total="1" passed="1" failed="0" skipped="0">
  <reporter-output>
  </reporter-output>
  <suite started-at="2024-03-09T12:57:37 IST" name="Default suite" finished-at="2024-03-09T12:57:52 IST" duration-ms="14893">
    <groups>
    </groups>
    <test started-at="2024-03-09T12:57:37 IST" name="Default test" finished-at="2024-03-09T12:57:52 IST" duration-ms="14893">
      <class name="Data_Driven.Excel_With_DataProvider">
        <test-method signature="register([Ljava.lang.String;)[pri:0, instance:Data_Driven.Excel_With_DataProvider@74ea2410]" started-at="2024-03-09T12:57:38 IST" name="register" data-provider="login" finished-at="2024-03-09T12:57:52 IST" duration-ms="13366" status="PASS">
          <params>
            <param index="0">
              <value>
                <![CDATA[[Ljava.lang.String;@6107165]]>
              </value>
            </param>
          </params>
          <reporter-output>
          </reporter-output>
        </test-method> <!-- register -->
      </class> <!-- Data_Driven.Excel_With_DataProvider -->
    </test> <!-- Default test -->
  </suite> <!-- Default suite -->
</testng-results>
